<?xml version="1.0" encoding="UTF-8"?>
<testsuite xmlns:xsi="http://www.w3.org/2001/XMLSchema-instance" xsi:noNamespaceSchemaLocation="https://maven.apache.org/surefire/maven-surefire-plugin/xsd/surefire-test-report.xsd" name="newbank.server.AccountTest" time="0.013" tests="3" errors="0" skipped="0" failures="0">
  <properties>
[...]
</properties>
  <testcase name="testToString" classname="newbank.server.AccountTest" time="0.002"/>
  <testcase name="testAddAccount_AllowNull" classname="newbank.server.AccountTest" time="0.002"/>
  <testcase name="testAddAccount" classname="newbank.server.AccountTest" time="0.001"/>
</testsuite>